<?xml version="1.0" encoding="UTF-8"?>
<!-- Generated by org.testng.reporters.JUnitXMLReporter -->
<testsuite ignored="3" hostname="LAPTOP-U3FEQR8F" failures="0" tests="1" name="Default test" time="13.112" errors="0" timestamp="2021-02-21T17:29:16 PST">
  <testcase classname="WikipediaTestMe" name="verifyPageNavigation" time="8.54"/>
  <testcase classname="WikipediaTestMe" name="verifyContentsHeadingDisplayed" time="0.0">
    <ignored/>
  </testcase> <!-- verifyContentsHeadingDisplayed -->
  <testcase classname="WikipediaTestMe" name="verifyPopUpContents" time="0.0">
    <ignored/>
  </testcase> <!-- verifyPopUpContents -->
  <testcase classname="WikipediaTestMe" name="verifyContentsHeadingUrlActive" time="0.0">
    <ignored/>
  </testcase> <!-- verifyContentsHeadingUrlActive -->
</testsuite> <!-- Default test -->
