<?xml version="1.0" encoding="UTF-8"?>
<!-- Generated by org.testng.reporters.JUnitXMLReporter -->
<testsuite ignored="0" hostname="LAPTOP-U3FEQR8F" failures="0" tests="4" name="Test" time="12.501" errors="0" timestamp="2021-02-21T17:29:52 PST">
  <testcase classname="WikipediaTestMe" name="verifyContentsHeadingDisplayed" time="4.295"/>
  <testcase classname="WikipediaTestMe" name="verifyContentsHeadingUrlActive" time="0.824"/>
  <testcase classname="WikipediaTestMe" name="verifyPageNavigation" time="3.474"/>
  <testcase classname="WikipediaTestMe" name="verifyPopUpContents" time="0.997"/>
</testsuite> <!-- Test -->
